<?xml version="1.0" encoding="UTF-8"?>
<!-- Generated by org.testng.reporters.JUnitXMLReporter -->
<testsuite hostname="Dosi" ignored="0" name="Test" tests="10" failures="0" timestamp="28 Apr 2018 16:51:59 GMT" time="45.967" errors="0">
  <testcase name="testCase" time="26.689" classname="com.alg.test.executionengine.Executor"/>
  <testcase name="testCase" time="18.284" classname="com.alg.test.executionengine.Executor"/>
  <testcase name="testCase" time="0.005" classname="com.alg.test.executionengine.Executor"/>
  <testcase name="testCase" time="0.003" classname="com.alg.test.executionengine.Executor"/>
  <testcase name="testCase" time="0.002" classname="com.alg.test.executionengine.Executor"/>
  <testcase name="testCase" time="0.002" classname="com.alg.test.executionengine.Executor"/>
  <testcase name="testCase" time="0.003" classname="com.alg.test.executionengine.Executor"/>
  <testcase name="testCase" time="0.005" classname="com.alg.test.executionengine.Executor"/>
  <testcase name="testCase" time="0.009" classname="com.alg.test.executionengine.Executor"/>
  <testcase name="testCase" time="0.004" classname="com.alg.test.executionengine.Executor"/>
</testsuite> <!-- Test -->
