<?xml version="1.0" encoding="UTF-8"?>
<testng-results skipped="0" failed="0" ignored="0" total="10" passed="10">
  <reporter-output>
  </reporter-output>
  <suite name="Regression" duration-ms="45967" started-at="2018-04-28T16:51:13Z" finished-at="2018-04-28T16:51:59Z">
    <groups>
    </groups>
    <test name="Test" duration-ms="45967" started-at="2018-04-28T16:51:13Z" finished-at="2018-04-28T16:51:59Z">
      <class name="com.alg.test.executionengine.Executor">
        <test-method status="PASS" signature="setUp()[pri:0, instance:com.alg.test.executionengine.Executor@1e67b872]" name="setUp" is-config="true" duration-ms="343" started-at="2018-04-28T12:51:13Z" finished-at="2018-04-28T12:51:13Z">
          <reporter-output>
          </reporter-output>
        </test-method> <!-- setUp -->
        <test-method status="PASS" signature="beforeClass()[pri:0, instance:com.alg.test.executionengine.Executor@1e67b872]" name="beforeClass" is-config="true" duration-ms="910" started-at="2018-04-28T12:51:13Z" finished-at="2018-04-28T12:51:14Z">
          <reporter-output>
          </reporter-output>
        </test-method> <!-- beforeClass -->
        <test-method status="PASS" signature="testCase(java.lang.String)[pri:0, instance:com.alg.test.executionengine.Executor@1e67b872]" name="testCase" duration-ms="26689" started-at="2018-04-28T12:51:14Z" data-provider="TestCases" finished-at="2018-04-28T12:51:41Z">
          <params>
            <param index="0">
              <value>
                <![CDATA[1]]>
              </value>
            </param>
          </params>
          <reporter-output>
          </reporter-output>
        </test-method> <!-- testCase -->
        <test-method status="PASS" signature="testCase(java.lang.String)[pri:0, instance:com.alg.test.executionengine.Executor@1e67b872]" name="testCase" duration-ms="18284" started-at="2018-04-28T12:51:41Z" data-provider="TestCases" finished-at="2018-04-28T12:51:59Z">
          <params>
            <param index="0">
              <value>
                <![CDATA[2]]>
              </value>
            </param>
          </params>
          <reporter-output>
          </reporter-output>
        </test-method> <!-- testCase -->
        <test-method status="PASS" signature="testCase(java.lang.String)[pri:0, instance:com.alg.test.executionengine.Executor@1e67b872]" name="testCase" duration-ms="5" started-at="2018-04-28T12:51:59Z" data-provider="TestCases" finished-at="2018-04-28T12:51:59Z">
          <params>
            <param index="0">
              <value>
                <![CDATA[3]]>
              </value>
            </param>
          </params>
          <reporter-output>
          </reporter-output>
        </test-method> <!-- testCase -->
        <test-method status="PASS" signature="testCase(java.lang.String)[pri:0, instance:com.alg.test.executionengine.Executor@1e67b872]" name="testCase" duration-ms="3" started-at="2018-04-28T12:51:59Z" data-provider="TestCases" finished-at="2018-04-28T12:51:59Z">
          <params>
            <param index="0">
              <value>
                <![CDATA[4]]>
              </value>
            </param>
          </params>
          <reporter-output>
          </reporter-output>
        </test-method> <!-- testCase -->
        <test-method status="PASS" signature="testCase(java.lang.String)[pri:0, instance:com.alg.test.executionengine.Executor@1e67b872]" name="testCase" duration-ms="2" started-at="2018-04-28T12:51:59Z" data-provider="TestCases" finished-at="2018-04-28T12:51:59Z">
          <params>
            <param index="0">
              <value>
                <![CDATA[5]]>
              </value>
            </param>
          </params>
          <reporter-output>
          </reporter-output>
        </test-method> <!-- testCase -->
        <test-method status="PASS" signature="testCase(java.lang.String)[pri:0, instance:com.alg.test.executionengine.Executor@1e67b872]" name="testCase" duration-ms="2" started-at="2018-04-28T12:51:59Z" data-provider="TestCases" finished-at="2018-04-28T12:51:59Z">
          <params>
            <param index="0">
              <value>
                <![CDATA[6]]>
              </value>
            </param>
          </params>
          <reporter-output>
          </reporter-output>
        </test-method> <!-- testCase -->
        <test-method status="PASS" signature="testCase(java.lang.String)[pri:0, instance:com.alg.test.executionengine.Executor@1e67b872]" name="testCase" duration-ms="3" started-at="2018-04-28T12:51:59Z" data-provider="TestCases" finished-at="2018-04-28T12:51:59Z">
          <params>
            <param index="0">
              <value>
                <![CDATA[7]]>
              </value>
            </param>
          </params>
          <reporter-output>
          </reporter-output>
        </test-method> <!-- testCase -->
        <test-method status="PASS" signature="testCase(java.lang.String)[pri:0, instance:com.alg.test.executionengine.Executor@1e67b872]" name="testCase" duration-ms="5" started-at="2018-04-28T12:51:59Z" data-provider="TestCases" finished-at="2018-04-28T12:51:59Z">
          <params>
            <param index="0">
              <value>
                <![CDATA[8]]>
              </value>
            </param>
          </params>
          <reporter-output>
          </reporter-output>
        </test-method> <!-- testCase -->
        <test-method status="PASS" signature="testCase(java.lang.String)[pri:0, instance:com.alg.test.executionengine.Executor@1e67b872]" name="testCase" duration-ms="9" started-at="2018-04-28T12:51:59Z" data-provider="TestCases" finished-at="2018-04-28T12:51:59Z">
          <params>
            <param index="0">
              <value>
                <![CDATA[9]]>
              </value>
            </param>
          </params>
          <reporter-output>
          </reporter-output>
        </test-method> <!-- testCase -->
        <test-method status="PASS" signature="testCase(java.lang.String)[pri:0, instance:com.alg.test.executionengine.Executor@1e67b872]" name="testCase" duration-ms="4" started-at="2018-04-28T12:51:59Z" data-provider="TestCases" finished-at="2018-04-28T12:51:59Z">
          <params>
            <param index="0">
              <value>
                <![CDATA[10]]>
              </value>
            </param>
          </params>
          <reporter-output>
          </reporter-output>
        </test-method> <!-- testCase -->
        <test-method status="PASS" signature="afterClass()[pri:0, instance:com.alg.test.executionengine.Executor@1e67b872]" name="afterClass" is-config="true" duration-ms="1" started-at="2018-04-28T12:51:59Z" finished-at="2018-04-28T12:51:59Z">
          <reporter-output>
          </reporter-output>
        </test-method> <!-- afterClass -->
        <test-method status="PASS" signature="tearDown()[pri:0, instance:com.alg.test.executionengine.Executor@1e67b872]" name="tearDown" is-config="true" duration-ms="0" started-at="2018-04-28T12:52:00Z" finished-at="2018-04-28T12:52:00Z">
          <reporter-output>
          </reporter-output>
        </test-method> <!-- tearDown -->
      </class> <!-- com.alg.test.executionengine.Executor -->
    </test> <!-- Test -->
  </suite> <!-- Regression -->
</testng-results>
