<?xml version="1.0" encoding="UTF-8"?>
<testng-results skipped="0" failed="0" ignored="0" total="10" passed="10">
  <reporter-output>
  </reporter-output>
  <suite name="Regression" duration-ms="21355" started-at="2019-03-04T03:44:58Z" finished-at="2019-03-04T03:45:19Z">
    <groups>
    </groups>
    <test name="Test" duration-ms="21355" started-at="2019-03-04T03:44:58Z" finished-at="2019-03-04T03:45:19Z">
      <class name="com.alg.test.executionengine.Executor">
        <test-method status="PASS" signature="setUp()[pri:0, instance:com.alg.test.executionengine.Executor@685cb137]" name="setUp" is-config="true" duration-ms="200" started-at="2019-03-03T22:44:57Z" finished-at="2019-03-03T22:44:58Z">
          <reporter-output>
          </reporter-output>
        </test-method> <!-- setUp -->
        <test-method status="PASS" signature="beforeClass()[pri:0, instance:com.alg.test.executionengine.Executor@685cb137]" name="beforeClass" is-config="true" duration-ms="620" started-at="2019-03-03T22:44:58Z" finished-at="2019-03-03T22:44:58Z">
          <reporter-output>
          </reporter-output>
        </test-method> <!-- beforeClass -->
        <test-method status="PASS" signature="testCase(java.lang.String)[pri:0, instance:com.alg.test.executionengine.Executor@685cb137]" name="testCase" duration-ms="14" started-at="2019-03-03T22:44:58Z" data-provider="TestCases" finished-at="2019-03-03T22:44:58Z">
          <params>
            <param index="0">
              <value>
                <![CDATA[1]]>
              </value>
            </param>
          </params>
          <reporter-output>
          </reporter-output>
        </test-method> <!-- testCase -->
        <test-method status="PASS" signature="testCase(java.lang.String)[pri:0, instance:com.alg.test.executionengine.Executor@685cb137]" name="testCase" duration-ms="20174" started-at="2019-03-03T22:44:58Z" data-provider="TestCases" finished-at="2019-03-03T22:45:18Z">
          <params>
            <param index="0">
              <value>
                <![CDATA[2]]>
              </value>
            </param>
          </params>
          <reporter-output>
          </reporter-output>
        </test-method> <!-- testCase -->
        <test-method status="PASS" signature="testCase(java.lang.String)[pri:0, instance:com.alg.test.executionengine.Executor@685cb137]" name="testCase" duration-ms="5" started-at="2019-03-03T22:45:18Z" data-provider="TestCases" finished-at="2019-03-03T22:45:18Z">
          <params>
            <param index="0">
              <value>
                <![CDATA[3]]>
              </value>
            </param>
          </params>
          <reporter-output>
          </reporter-output>
        </test-method> <!-- testCase -->
        <test-method status="PASS" signature="testCase(java.lang.String)[pri:0, instance:com.alg.test.executionengine.Executor@685cb137]" name="testCase" duration-ms="13" started-at="2019-03-03T22:45:18Z" data-provider="TestCases" finished-at="2019-03-03T22:45:18Z">
          <params>
            <param index="0">
              <value>
                <![CDATA[4]]>
              </value>
            </param>
          </params>
          <reporter-output>
          </reporter-output>
        </test-method> <!-- testCase -->
        <test-method status="PASS" signature="testCase(java.lang.String)[pri:0, instance:com.alg.test.executionengine.Executor@685cb137]" name="testCase" duration-ms="9" started-at="2019-03-03T22:45:18Z" data-provider="TestCases" finished-at="2019-03-03T22:45:18Z">
          <params>
            <param index="0">
              <value>
                <![CDATA[5]]>
              </value>
            </param>
          </params>
          <reporter-output>
          </reporter-output>
        </test-method> <!-- testCase -->
        <test-method status="PASS" signature="testCase(java.lang.String)[pri:0, instance:com.alg.test.executionengine.Executor@685cb137]" name="testCase" duration-ms="13" started-at="2019-03-03T22:45:18Z" data-provider="TestCases" finished-at="2019-03-03T22:45:18Z">
          <params>
            <param index="0">
              <value>
                <![CDATA[6]]>
              </value>
            </param>
          </params>
          <reporter-output>
          </reporter-output>
        </test-method> <!-- testCase -->
        <test-method status="PASS" signature="testCase(java.lang.String)[pri:0, instance:com.alg.test.executionengine.Executor@685cb137]" name="testCase" duration-ms="18" started-at="2019-03-03T22:45:18Z" data-provider="TestCases" finished-at="2019-03-03T22:45:18Z">
          <params>
            <param index="0">
              <value>
                <![CDATA[7]]>
              </value>
            </param>
          </params>
          <reporter-output>
          </reporter-output>
        </test-method> <!-- testCase -->
        <test-method status="PASS" signature="testCase(java.lang.String)[pri:0, instance:com.alg.test.executionengine.Executor@685cb137]" name="testCase" duration-ms="10" started-at="2019-03-03T22:45:18Z" data-provider="TestCases" finished-at="2019-03-03T22:45:18Z">
          <params>
            <param index="0">
              <value>
                <![CDATA[8]]>
              </value>
            </param>
          </params>
          <reporter-output>
          </reporter-output>
        </test-method> <!-- testCase -->
        <test-method status="PASS" signature="testCase(java.lang.String)[pri:0, instance:com.alg.test.executionengine.Executor@685cb137]" name="testCase" duration-ms="7" started-at="2019-03-03T22:45:18Z" data-provider="TestCases" finished-at="2019-03-03T22:45:18Z">
          <params>
            <param index="0">
              <value>
                <![CDATA[9]]>
              </value>
            </param>
          </params>
          <reporter-output>
          </reporter-output>
        </test-method> <!-- testCase -->
        <test-method status="PASS" signature="testCase(java.lang.String)[pri:0, instance:com.alg.test.executionengine.Executor@685cb137]" name="testCase" duration-ms="11" started-at="2019-03-03T22:45:18Z" data-provider="TestCases" finished-at="2019-03-03T22:45:18Z">
          <params>
            <param index="0">
              <value>
                <![CDATA[10]]>
              </value>
            </param>
          </params>
          <reporter-output>
          </reporter-output>
        </test-method> <!-- testCase -->
        <test-method status="PASS" signature="afterClass()[pri:0, instance:com.alg.test.executionengine.Executor@685cb137]" name="afterClass" is-config="true" duration-ms="371" started-at="2019-03-03T22:45:18Z" finished-at="2019-03-03T22:45:19Z">
          <reporter-output>
          </reporter-output>
        </test-method> <!-- afterClass -->
        <test-method status="PASS" signature="tearDown()[pri:0, instance:com.alg.test.executionengine.Executor@685cb137]" name="tearDown" is-config="true" duration-ms="0" started-at="2019-03-03T22:45:19Z" finished-at="2019-03-03T22:45:19Z">
          <reporter-output>
          </reporter-output>
        </test-method> <!-- tearDown -->
      </class> <!-- com.alg.test.executionengine.Executor -->
    </test> <!-- Test -->
  </suite> <!-- Regression -->
</testng-results>
